<?xml version="1.0" encoding="UTF-8"?>
<testng-results skipped="0" failed="0" ignored="0" total="1" passed="1">
  <reporter-output>
  </reporter-output>
  <suite name="Surefire suite" duration-ms="29232" started-at="2018-05-15T14:50:31Z" finished-at="2018-05-15T14:51:00Z">
    <groups>
    </groups>
    <test name="Surefire test" duration-ms="29232" started-at="2018-05-15T14:50:31Z" finished-at="2018-05-15T14:51:00Z">
      <class name="com.selogerDocker.tests.AuthentificationTest">
        <test-method status="PASS" signature="setUp()[pri:0, instance:com.selogerDocker.tests.AuthentificationTest@71be98f5]" name="setUp" is-config="true" duration-ms="7061" started-at="2018-05-15T15:50:31Z" finished-at="2018-05-15T15:50:38Z">
          <reporter-output>
          </reporter-output>
        </test-method> <!-- setUp -->
        <test-method status="PASS" signature="authentifierSLG()[pri:0, instance:com.selogerDocker.tests.AuthentificationTest@71be98f5]" name="authentifierSLG" duration-ms="21926" started-at="2018-05-15T15:50:38Z" finished-at="2018-05-15T15:51:00Z">
          <reporter-output>
          </reporter-output>
        </test-method> <!-- authentifierSLG -->
        <test-method status="PASS" signature="tearDown()[pri:0, instance:com.selogerDocker.tests.AuthentificationTest@71be98f5]" name="tearDown" is-config="true" duration-ms="222" started-at="2018-05-15T15:51:00Z" finished-at="2018-05-15T15:51:00Z">
          <reporter-output>
          </reporter-output>
        </test-method> <!-- tearDown -->
      </class> <!-- com.selogerDocker.tests.AuthentificationTest -->
    </test> <!-- Surefire test -->
  </suite> <!-- Surefire suite -->
</testng-results>
